2018-01-25 21:53:29,460 INFO [background-preinit] o.h.validator.internal.util.Version - HV000001: Hibernate Validator 5.2.4.Final
2018-01-25 21:53:30,561 INFO [main] com.gakki.love.FirstFlight - Starting FirstFlight on YYH with PID 13960 (D:\IdeaProjects\FirstFlight\target\classes started by YuAn in D:\IdeaProjects\FirstFlight)
2018-01-25 21:53:30,563 INFO [main] com.gakki.love.FirstFlight - No active profile set, falling back to default profiles: default
2018-01-25 21:53:32,331 INFO [main] o.s.b.c.e.AnnotationConfigEmbeddedWebApplicationContext - Refreshing org.springframework.boot.context.embedded.AnnotationConfigEmbeddedWebApplicationContext@61db86bf: startup date [Thu Jan 25 21:53:32 CST 2018]; root of context hierarchy
2018-01-25 21:53:40,682 INFO [main] o.s.d.r.c.RepositoryConfigurationDelegate - Multiple Spring Data modules found, entering strict repository configuration mode!
2018-01-25 21:53:41,896 INFO [main] o.s.d.r.c.RepositoryConfigurationDelegate - Multiple Spring Data modules found, entering strict repository configuration mode!
2018-01-25 21:53:41,998 INFO [main] o.s.d.r.c.RepositoryConfigurationExtensionSupport - Spring Data Redis - Could not safely identify store assignment for repository candidate interface com.gakki.love.repository.PrivilegeRepository.
2018-01-25 21:53:42,000 INFO [main] o.s.d.r.c.RepositoryConfigurationExtensionSupport - Spring Data Redis - Could not safely identify store assignment for repository candidate interface com.gakki.love.repository.FollowRepository.
2018-01-25 21:53:42,001 INFO [main] o.s.d.r.c.RepositoryConfigurationExtensionSupport - Spring Data Redis - Could not safely identify store assignment for repository candidate interface com.gakki.love.repository.AlbumsRepository.
2018-01-25 21:53:42,001 INFO [main] o.s.d.r.c.RepositoryConfigurationExtensionSupport - Spring Data Redis - Could not safely identify store assignment for repository candidate interface com.gakki.love.repository.UserRepository.
2018-01-25 21:53:42,002 INFO [main] o.s.d.r.c.RepositoryConfigurationExtensionSupport - Spring Data Redis - Could not safely identify store assignment for repository candidate interface com.gakki.love.repository.RolesRepository.
2018-01-25 21:53:42,003 INFO [main] o.s.d.r.c.RepositoryConfigurationExtensionSupport - Spring Data Redis - Could not safely identify store assignment for repository candidate interface com.gakki.love.repository.FeedBackRepository.
2018-01-25 21:53:42,004 INFO [main] o.s.d.r.c.RepositoryConfigurationExtensionSupport - Spring Data Redis - Could not safely identify store assignment for repository candidate interface com.gakki.love.repository.NotifyRepository.
2018-01-25 21:53:42,006 INFO [main] o.s.d.r.c.RepositoryConfigurationExtensionSupport - Spring Data Redis - Could not safely identify store assignment for repository candidate interface com.gakki.love.repository.PraiseRepository.
2018-01-25 21:53:42,006 INFO [main] o.s.d.r.c.RepositoryConfigurationExtensionSupport - Spring Data Redis - Could not safely identify store assignment for repository candidate interface com.gakki.love.repository.TagsRepository.
2018-01-25 21:53:42,007 INFO [main] o.s.d.r.c.RepositoryConfigurationExtensionSupport - Spring Data Redis - Could not safely identify store assignment for repository candidate interface com.gakki.love.repository.TopicRepository.
2018-01-25 21:53:42,008 INFO [main] o.s.d.r.c.RepositoryConfigurationExtensionSupport - Spring Data Redis - Could not safely identify store assignment for repository candidate interface com.gakki.love.repository.FavouriteRepository.
2018-01-25 21:53:42,009 INFO [main] o.s.d.r.c.RepositoryConfigurationExtensionSupport - Spring Data Redis - Could not safely identify store assignment for repository candidate interface com.gakki.love.repository.ReplyRepository.
2018-01-25 21:53:42,010 INFO [main] o.s.d.r.c.RepositoryConfigurationExtensionSupport - Spring Data Redis - Could not safely identify store assignment for repository candidate interface com.gakki.love.repository.CommentRepository.
2018-01-25 21:53:43,990 INFO [main] o.s.c.s.PostProcessorRegistrationDelegate$BeanPostProcessorChecker - Bean 'org.springframework.transaction.annotation.ProxyTransactionManagementConfiguration' of type [class org.springframework.transaction.annotation.ProxyTransactionManagementConfiguration$$EnhancerBySpringCGLIB$$5aa29ddd] is not eligible for getting processed by all BeanPostProcessors (for example: not eligible for auto-proxying)
2018-01-25 21:53:45,279 INFO [main] org.eclipse.jetty.util.log - Logging initialized @85530ms
2018-01-25 21:53:45,935 INFO [main] o.s.b.c.e.j.JettyEmbeddedServletContainerFactory - Server initialized with port: 8080
2018-01-25 21:53:45,942 INFO [main] org.eclipse.jetty.server.Server - jetty-9.3.14.v20161028
2018-01-25 21:53:46,617 INFO [main] application - Initializing Spring embedded WebApplicationContext
2018-01-25 21:53:46,618 INFO [main] o.s.web.context.ContextLoader - Root WebApplicationContext: initialization completed in 14287 ms
2018-01-25 21:53:47,098 INFO [main] o.s.b.w.s.FilterRegistrationBean - Mapping filter: 'characterEncodingFilter' to: [/*]
2018-01-25 21:53:47,099 INFO [main] o.s.b.w.s.FilterRegistrationBean - Mapping filter: 'hiddenHttpMethodFilter' to: [/*]
2018-01-25 21:53:47,099 INFO [main] o.s.b.w.s.FilterRegistrationBean - Mapping filter: 'httpPutFormContentFilter' to: [/*]
2018-01-25 21:53:47,100 INFO [main] o.s.b.w.s.FilterRegistrationBean - Mapping filter: 'requestContextFilter' to: [/*]
2018-01-25 21:53:47,119 INFO [main] o.s.b.w.s.DelegatingFilterProxyRegistrationBean - Mapping filter: 'springSecurityFilterChain' to: [/*]
2018-01-25 21:53:47,119 INFO [main] o.s.b.w.s.ServletRegistrationBean - Mapping servlet: 'dispatcherServlet' to [/]
2018-01-25 21:53:47,168 INFO [main] o.e.j.server.handler.ContextHandler - Started o.s.b.c.e.j.JettyEmbeddedWebAppContext@3a917e07{/,file:///C:/Users/YuAn/AppData/Local/Temp/jetty-docbase.3820743613296661269.8080/,AVAILABLE}
2018-01-25 21:53:47,168 INFO [main] org.eclipse.jetty.server.Server - Started @87419ms
2018-01-25 21:53:49,945 INFO [main] o.s.o.j.LocalContainerEntityManagerFactoryBean - Building JPA container EntityManagerFactory for persistence unit 'default'
2018-01-25 21:53:50,055 INFO [main] o.h.jpa.internal.util.LogHelper - HHH000204: Processing PersistenceUnitInfo [
	name: default
	...]
2018-01-25 21:53:50,822 INFO [main] org.hibernate.Version - HHH000412: Hibernate Core {5.0.11.Final}
2018-01-25 21:53:50,825 INFO [main] org.hibernate.cfg.Environment - HHH000206: hibernate.properties not found
2018-01-25 21:53:50,827 INFO [main] org.hibernate.cfg.Environment - HHH000021: Bytecode provider name : javassist
2018-01-25 21:53:51,150 INFO [main] o.h.annotations.common.Version - HCANN000001: Hibernate Commons Annotations {5.0.1.Final}
2018-01-25 21:53:58,612 INFO [main] org.hibernate.dialect.Dialect - HHH000400: Using dialect: org.hibernate.dialect.MySQL5Dialect
2018-01-25 21:54:04,662 INFO [main] o.h.tool.hbm2ddl.SchemaUpdate - HHH000228: Running hbm2ddl schema update
2018-01-25 21:54:35,921 INFO [main] o.s.o.j.LocalContainerEntityManagerFactoryBean - Initialized JPA EntityManagerFactory for persistence unit 'default'
2018-01-25 21:54:47,704 INFO [main] o.h.h.i.QueryTranslatorFactoryInitiator - HHH000397: Using ASTQueryTranslatorFactory
2018-01-25 21:54:51,427 INFO [main] o.s.w.s.m.m.a.RequestMappingHandlerAdapter - Looking for @ControllerAdvice: org.springframework.boot.context.embedded.AnnotationConfigEmbeddedWebApplicationContext@61db86bf: startup date [Thu Jan 25 21:53:32 CST 2018]; root of context hierarchy
2018-01-25 21:54:52,479 INFO [main] o.s.w.s.m.m.a.RequestMappingHandlerMapping - Mapped "{[/sign_in],methods=[POST]}" onto public java.lang.String com.gakki.love.controller.user.Login.userLogin(com.gakki.love.domain.User,java.util.Map<java.lang.String, java.lang.Object>,javax.servlet.http.HttpSession,java.security.Principal)
2018-01-25 21:54:52,543 INFO [main] o.s.w.s.m.m.a.RequestMappingHandlerMapping - Mapped "{[/user/{id}/update],methods=[POST]}" onto public java.lang.String com.gakki.love.controller.user.UserController.update(com.gakki.love.domain.User,java.lang.Integer,org.springframework.web.multipart.MultipartFile,javax.servlet.http.HttpSession,java.util.Map<java.lang.String, java.lang.Object>,java.lang.String)
2018-01-25 21:54:52,589 INFO [main] o.s.w.s.m.m.a.RequestMappingHandlerMapping - Mapped "{[/user/{id}],methods=[GET]}" onto public java.lang.String com.gakki.love.controller.user.UserController.input(java.lang.Integer,java.util.Map<java.lang.String, java.lang.Object>)
2018-01-25 21:54:52,591 INFO [main] o.s.w.s.m.m.a.RequestMappingHandlerMapping - Mapped "{[/user/personal],methods=[GET]}" onto public java.lang.String com.gakki.love.controller.user.UserController.personalMiddle(java.lang.String,com.gakki.love.domain.User,java.util.Map<java.lang.String, java.lang.Object>,javax.servlet.http.HttpSession)
2018-01-25 21:54:52,592 INFO [main] o.s.w.s.m.m.a.RequestMappingHandlerMapping - Mapped "{[/user/modifyEmail],methods=[PUT]}" onto public java.lang.String com.gakki.love.controller.user.UserController.modifyEmail(java.lang.String,java.lang.String,javax.servlet.http.HttpSession)
2018-01-25 21:54:52,594 INFO [main] o.s.w.s.m.m.a.RequestMappingHandlerMapping - Mapped "{[/user/forgetPassword],methods=[PUT]}" onto public java.lang.String com.gakki.love.controller.user.UserController.forgetPassword(java.lang.String,java.lang.String,java.lang.String,javax.servlet.http.HttpSession)
2018-01-25 21:54:52,596 INFO [main] o.s.w.s.m.m.a.RequestMappingHandlerMapping - Mapped "{[/user/update],methods=[GET]}" onto public java.lang.String com.gakki.love.controller.user.UserController.editHead(com.gakki.love.domain.User,org.springframework.web.multipart.MultipartFile,javax.servlet.http.HttpSession) throws java.io.IOException
2018-01-25 21:54:52,597 INFO [main] o.s.w.s.m.m.a.RequestMappingHandlerMapping - Mapped "{[/user/modifyPassword],methods=[PUT]}" onto public com.gakki.love.domain.dto.CommonsResponse com.gakki.love.controller.user.UserController.modifyPassword(java.lang.String,java.lang.String,com.gakki.love.domain.User)
2018-01-25 21:54:52,598 INFO [main] o.s.w.s.m.m.a.RequestMappingHandlerMapping - Mapped "{[/user/forwardModifyEmail],methods=[GET]}" onto public java.lang.String com.gakki.love.controller.user.UserController.forwardModifyEmail(javax.servlet.http.HttpSession)
2018-01-25 21:54:52,600 INFO [main] o.s.w.s.m.m.a.RequestMappingHandlerMapping - Mapped "{[/user/modifyEmail/sendMail],methods=[POST]}" onto public com.gakki.love.domain.dto.CommonsResponse com.gakki.love.controller.user.UserController.sendEmailToModifyEmail(java.lang.String,com.gakki.love.domain.User,javax.servlet.http.HttpSession)
2018-01-25 21:54:52,601 INFO [main] o.s.w.s.m.m.a.RequestMappingHandlerMapping - Mapped "{[/user/forwardModifyPassword],methods=[GET]}" onto public java.lang.String com.gakki.love.controller.user.UserController.forwardModifyPassword()
2018-01-25 21:54:52,602 INFO [main] o.s.w.s.m.m.a.RequestMappingHandlerMapping - Mapped "{[/user/forwardForgetPassword],methods=[GET]}" onto public java.lang.String com.gakki.love.controller.user.UserController.forwardForgetPassword(java.lang.String,java.util.Map<java.lang.String, java.lang.Object>)
2018-01-25 21:54:52,603 INFO [main] o.s.w.s.m.m.a.RequestMappingHandlerMapping - Mapped "{[/user/forgetPass/sendMail],methods=[POST]}" onto public void com.gakki.love.controller.user.UserController.sendMailToResetPass(java.lang.String,javax.servlet.http.HttpSession,javax.servlet.http.HttpServletResponse) throws java.io.IOException
2018-01-25 21:54:52,609 INFO [main] o.s.w.s.m.m.a.RequestMappingHandlerMapping - Mapped "{[/user/personal/{id}],methods=[GET]}" onto public java.lang.String com.gakki.love.controller.user.VisitController.visitOtherPage(java.lang.Integer,java.lang.String,java.util.Map<java.lang.String, java.lang.Object>,javax.servlet.http.HttpSession)
2018-01-25 21:54:52,611 INFO [main] o.s.w.s.m.m.a.RequestMappingHandlerMapping - Mapped "{[/user/topic/{topic_id}],methods=[GET]}" onto public java.lang.String com.gakki.love.controller.user.VisitController.forwardTopic(java.lang.Integer,java.util.Map<java.lang.String, java.lang.Object>,javax.servlet.http.HttpSession)
2018-01-25 21:54:52,621 INFO [main] o.s.w.s.m.m.a.RequestMappingHandlerMapping - Mapped "{[/error]}" onto public org.springframework.http.ResponseEntity<java.util.Map<java.lang.String, java.lang.Object>> org.springframework.boot.autoconfigure.web.BasicErrorController.error(javax.servlet.http.HttpServletRequest)
2018-01-25 21:54:52,624 INFO [main] o.s.w.s.m.m.a.RequestMappingHandlerMapping - Mapped "{[/error],produces=[text/html]}" onto public org.springframework.web.servlet.ModelAndView org.springframework.boot.autoconfigure.web.BasicErrorController.errorHtml(javax.servlet.http.HttpServletRequest,javax.servlet.http.HttpServletResponse)
2018-01-25 21:54:52,906 INFO [main] o.s.w.s.h.SimpleUrlHandlerMapping - Mapped URL path [/webjars/**] onto handler of type [class org.springframework.web.servlet.resource.ResourceHttpRequestHandler]
2018-01-25 21:54:52,906 INFO [main] o.s.w.s.h.SimpleUrlHandlerMapping - Mapped URL path [/**] onto handler of type [class org.springframework.web.servlet.resource.ResourceHttpRequestHandler]
2018-01-25 21:54:53,207 INFO [main] o.s.w.s.h.SimpleUrlHandlerMapping - Mapped URL path [/**/favicon.ico] onto handler of type [class org.springframework.web.servlet.resource.ResourceHttpRequestHandler]
2018-01-25 21:54:53,321 WARN [main] o.s.b.a.t.AbstractTemplateResolverConfiguration - Cannot find template location: classpath:/templates/ (please add some templates or check your Thymeleaf configuration)
2018-01-25 21:55:01,232 INFO [main] o.s.b.a.s.AuthenticationManagerConfiguration - 

Using default security password: 774adfbf-40df-42f6-a52c-d085caf1c871

2018-01-25 21:55:02,173 INFO [main] o.s.s.web.DefaultSecurityFilterChain - Creating filter chain: Ant [pattern='/css/**'], []
2018-01-25 21:55:02,178 INFO [main] o.s.s.web.DefaultSecurityFilterChain - Creating filter chain: Ant [pattern='/js/**'], []
2018-01-25 21:55:02,203 INFO [main] o.s.s.web.DefaultSecurityFilterChain - Creating filter chain: Ant [pattern='/images/**'], []
2018-01-25 21:55:02,204 INFO [main] o.s.s.web.DefaultSecurityFilterChain - Creating filter chain: Ant [pattern='/webjars/**'], []
2018-01-25 21:55:02,204 INFO [main] o.s.s.web.DefaultSecurityFilterChain - Creating filter chain: Ant [pattern='/**/favicon.ico'], []
2018-01-25 21:55:02,205 INFO [main] o.s.s.web.DefaultSecurityFilterChain - Creating filter chain: Ant [pattern='/error'], []
2018-01-25 21:55:03,561 INFO [main] o.s.s.web.DefaultSecurityFilterChain - Creating filter chain: OrRequestMatcher [requestMatchers=[Ant [pattern='/**']]], [org.springframework.security.web.context.request.async.WebAsyncManagerIntegrationFilter@67054b2e, org.springframework.security.web.context.SecurityContextPersistenceFilter@366ed5c7, org.springframework.security.web.header.HeaderWriterFilter@5ca32d1a, org.springframework.security.web.authentication.logout.LogoutFilter@472bcf53, org.springframework.security.web.authentication.www.BasicAuthenticationFilter@5e491535, org.springframework.security.web.savedrequest.RequestCacheAwareFilter@6232025, org.springframework.security.web.servletapi.SecurityContextHolderAwareRequestFilter@5d88471a, org.springframework.security.web.authentication.AnonymousAuthenticationFilter@2534b0d9, org.springframework.security.web.session.SessionManagementFilter@3f6aaa7, org.springframework.security.web.access.ExceptionTranslationFilter@27d0703e, org.springframework.security.web.access.intercept.FilterSecurityInterceptor@8b5de1b]
2018-01-25 21:55:04,145 INFO [main] o.s.j.e.a.AnnotationMBeanExporter - Registering beans for JMX exposure on startup
2018-01-25 21:55:04,421 INFO [main] application - Initializing Spring FrameworkServlet 'dispatcherServlet'
2018-01-25 21:55:04,421 INFO [main] o.s.web.servlet.DispatcherServlet - FrameworkServlet 'dispatcherServlet': initialization started
2018-01-25 21:55:04,457 INFO [main] o.s.web.servlet.DispatcherServlet - FrameworkServlet 'dispatcherServlet': initialization completed in 35 ms
2018-01-25 21:55:05,228 INFO [main] o.e.jetty.server.AbstractConnector - Started ServerConnector@15d301f2{HTTP/1.1,[http/1.1]}{0.0.0.0:8080}
2018-01-25 21:55:05,372 INFO [main] o.s.b.c.e.j.JettyEmbeddedServletContainer - Jetty started on port(s) 8080 (http/1.1)
2018-01-25 21:55:05,622 INFO [main] com.gakki.love.FirstFlight - Started FirstFlight in 99.691 seconds (JVM running for 165.873)
